2019-01-15 16:25:14.003 logback [restartedMain] INFO  site.cnkj.es.EsApplicationBoot - The following profiles are active: dev
2019-01-15 16:25:14.020 logback [restartedMain] INFO  o.s.b.w.s.c.AnnotationConfigServletWebServerApplicationContext - Refreshing org.springframework.boot.web.servlet.context.AnnotationConfigServletWebServerApplicationContext@7061cd53: startup date [Tue Jan 15 16:25:14 CST 2019]; parent: org.springframework.context.annotation.AnnotationConfigApplicationContext@385df7d
2019-01-15 16:25:15.687 logback [restartedMain] INFO  o.s.d.r.c.RepositoryConfigurationDelegate - Multiple Spring Data modules found, entering strict repository configuration mode!
2019-01-15 16:25:15.716 logback [restartedMain] INFO  o.s.d.r.c.RepositoryConfigurationDelegate - Multiple Spring Data modules found, entering strict repository configuration mode!
2019-01-15 16:25:16.239 logback [restartedMain] INFO  o.s.cloud.context.scope.GenericScope - BeanFactory id=7e528926-97b6-39d4-85c3-6414ea96e531
2019-01-15 16:25:16.253 logback [restartedMain] INFO  o.s.b.f.a.AutowiredAnnotationBeanPostProcessor - JSR-330 'javax.inject.Inject' annotation found and supported for autowiring
2019-01-15 16:25:16.364 logback [restartedMain] INFO  o.s.c.s.PostProcessorRegistrationDelegate$BeanPostProcessorChecker - Bean 'org.springframework.kafka.annotation.KafkaBootstrapConfiguration' of type [org.springframework.kafka.annotation.KafkaBootstrapConfiguration$$EnhancerBySpringCGLIB$$3c13f851] is not eligible for getting processed by all BeanPostProcessors (for example: not eligible for auto-proxying)
2019-01-15 16:25:16.452 logback [restartedMain] INFO  o.s.c.s.PostProcessorRegistrationDelegate$BeanPostProcessorChecker - Bean 'org.springframework.cloud.autoconfigure.ConfigurationPropertiesRebinderAutoConfiguration' of type [org.springframework.cloud.autoconfigure.ConfigurationPropertiesRebinderAutoConfiguration$$EnhancerBySpringCGLIB$$847be9cb] is not eligible for getting processed by all BeanPostProcessors (for example: not eligible for auto-proxying)
2019-01-15 16:25:17.313 logback [restartedMain] INFO  o.s.b.w.e.tomcat.TomcatWebServer - Tomcat initialized with port(s): 18083 (http)
2019-01-15 16:25:17.339 logback [restartedMain] INFO  o.a.catalina.core.StandardService - Starting service [Tomcat]
2019-01-15 16:25:17.339 logback [restartedMain] INFO  o.a.catalina.core.StandardEngine - Starting Servlet Engine: Apache Tomcat/8.5.34
2019-01-15 16:25:17.344 logback [localhost-startStop-1] INFO  o.a.c.core.AprLifecycleListener - The APR based Apache Tomcat Native library which allows optimal performance in production environments was not found on the java.library.path: [C:\Program Files\Java\jdk1.8.0_171\bin;C:\WINDOWS\Sun\Java\bin;C:\WINDOWS\system32;C:\WINDOWS;D:\Python3.7\Scripts\;D:\Python3.7\;D:\Python2.7\;D:\Python2.7\Scripts;C:\Program Files (x86)\Common Files\Oracle\Java\javapath;C:\WINDOWS\system32;C:\WINDOWS;C:\WINDOWS\System32\Wbem;C:\WINDOWS\System32\WindowsPowerShell\v1.0\;.%JAVA_HOME%\lib;%JAVA_HOME%\lib\tools.ja;D:\Lua\5.1;D:\Lua\5.1\clibs;C:\WINDOWS\System32\OpenSSH\;D:\nodejs\;D:\Yarn\bin\;D:\SVN\bin;D:\git\cmd;C:\Users\Carol\AppData\Local\GitHubDesktop\bin;D:\Fiddle\Fiddler;D:\Python2.7\Lib\site-packages\django;D:\Python2.7\Scripts;C:\Users\Carol\AppData\Local\Microsoft\WindowsApps;C:\Users\Carol\AppData\Roaming\npm;"D:\JDK1.7\bin;D:\JDK1.7\jre\bin";D:\apache-maven-3.5.4\bin;C:\Users\Carol\AppData\Local\Yarn\bin;.]
2019-01-15 16:25:17.597 logback [localhost-startStop-1] INFO  o.a.c.c.C.[Tomcat].[localhost].[/] - Initializing Spring embedded WebApplicationContext
2019-01-15 16:25:17.598 logback [localhost-startStop-1] INFO  o.s.web.context.ContextLoader - Root WebApplicationContext: initialization completed in 3578 ms
2019-01-15 16:25:17.873 logback [localhost-startStop-1] WARN  c.n.c.sources.URLConfigurationSource - No URLs will be polled as dynamic configuration sources.
2019-01-15 16:25:17.873 logback [localhost-startStop-1] INFO  c.n.c.sources.URLConfigurationSource - To enable URLs as dynamic configuration sources, define System property archaius.configurationSource.additionalUrls or make config.properties available on classpath.
2019-01-15 16:25:17.883 logback [localhost-startStop-1] INFO  c.n.config.DynamicPropertyFactory - DynamicPropertyFactory is initialized with configuration sources: com.netflix.config.ConcurrentCompositeConfiguration@6e88ab3
2019-01-15 16:25:19.985 logback [localhost-startStop-1] INFO  o.s.cloud.commons.util.InetUtils - Cannot determine local hostname
2019-01-15 16:25:21.808 logback [localhost-startStop-1] INFO  o.s.cloud.commons.util.InetUtils - Cannot determine local hostname
2019-01-15 16:25:22.789 logback [localhost-startStop-1] INFO  o.s.b.w.s.FilterRegistrationBean - Mapping filter: 'characterEncodingFilter' to: [/*]
2019-01-15 16:25:22.790 logback [localhost-startStop-1] INFO  o.s.b.w.s.FilterRegistrationBean - Mapping filter: 'webMvcMetricsFilter' to: [/*]
2019-01-15 16:25:22.790 logback [localhost-startStop-1] INFO  o.s.b.w.s.FilterRegistrationBean - Mapping filter: 'hiddenHttpMethodFilter' to: [/*]
2019-01-15 16:25:22.790 logback [localhost-startStop-1] INFO  o.s.b.w.s.FilterRegistrationBean - Mapping filter: 'httpPutFormContentFilter' to: [/*]
2019-01-15 16:25:22.791 logback [localhost-startStop-1] INFO  o.s.b.w.s.FilterRegistrationBean - Mapping filter: 'requestContextFilter' to: [/*]
2019-01-15 16:25:22.791 logback [localhost-startStop-1] INFO  o.s.b.w.s.FilterRegistrationBean - Mapping filter: 'httpTraceFilter' to: [/*]
2019-01-15 16:25:22.792 logback [localhost-startStop-1] INFO  o.s.b.w.s.ServletRegistrationBean - Servlet dispatcherServlet mapped to [/]
2019-01-15 16:25:23.686 logback [restartedMain] INFO  o.s.s.c.ThreadPoolTaskExecutor - Initializing ExecutorService  'taskExecutor'
2019-01-15 16:25:23.688 logback [restartedMain] INFO  o.s.s.c.ThreadPoolTaskExecutor - Initializing ExecutorService  'taskExecutorElastic'
2019-01-15 16:25:23.808 logback [restartedMain] WARN  c.n.c.sources.URLConfigurationSource - No URLs will be polled as dynamic configuration sources.
2019-01-15 16:25:23.808 logback [restartedMain] INFO  c.n.c.sources.URLConfigurationSource - To enable URLs as dynamic configuration sources, define System property archaius.configurationSource.additionalUrls or make config.properties available on classpath.
2019-01-15 16:25:23.922 logback [restartedMain] INFO  o.s.w.s.h.SimpleUrlHandlerMapping - Mapped URL path [/**/favicon.ico] onto handler of type [class org.springframework.web.servlet.resource.ResourceHttpRequestHandler]
2019-01-15 16:25:24.250 logback [restartedMain] INFO  o.s.w.s.m.m.a.RequestMappingHandlerAdapter - Looking for @ControllerAdvice: org.springframework.boot.web.servlet.context.AnnotationConfigServletWebServerApplicationContext@7061cd53: startup date [Tue Jan 15 16:25:14 CST 2019]; parent: org.springframework.context.annotation.AnnotationConfigApplicationContext@385df7d
2019-01-15 16:25:24.325 logback [restartedMain] INFO  o.s.w.s.m.m.a.RequestMappingHandlerMapping - Mapped "{[/channel],methods=[POST]}" onto public void site.cnkj.es.controller.ElasticSearchController.releaseMessage(java.lang.String)
2019-01-15 16:25:24.326 logback [restartedMain] INFO  o.s.w.s.m.m.a.RequestMappingHandlerMapping - Mapped "{[/start],methods=[POST]}" onto public site.cnkj.util.domain.BaseResult site.cnkj.es.controller.ElasticSearchController.startQuery(java.lang.String,java.lang.String)
2019-01-15 16:25:24.328 logback [restartedMain] INFO  o.s.w.s.m.m.a.RequestMappingHandlerMapping - Mapped "{[/error]}" onto public org.springframework.http.ResponseEntity<java.util.Map<java.lang.String, java.lang.Object>> org.springframework.boot.autoconfigure.web.servlet.error.BasicErrorController.error(javax.servlet.http.HttpServletRequest)
2019-01-15 16:25:24.329 logback [restartedMain] INFO  o.s.w.s.m.m.a.RequestMappingHandlerMapping - Mapped "{[/error],produces=[text/html]}" onto public org.springframework.web.servlet.ModelAndView org.springframework.boot.autoconfigure.web.servlet.error.BasicErrorController.errorHtml(javax.servlet.http.HttpServletRequest,javax.servlet.http.HttpServletResponse)
2019-01-15 16:25:24.374 logback [restartedMain] INFO  o.s.w.s.h.SimpleUrlHandlerMapping - Mapped URL path [/webjars/**] onto handler of type [class org.springframework.web.servlet.resource.ResourceHttpRequestHandler]
2019-01-15 16:25:24.374 logback [restartedMain] INFO  o.s.w.s.h.SimpleUrlHandlerMapping - Mapped URL path [/**] onto handler of type [class org.springframework.web.servlet.resource.ResourceHttpRequestHandler]
2019-01-15 16:25:25.140 logback [restartedMain] INFO  o.s.u.f.SpringTemplateLoader - SpringTemplateLoader for FreeMarker: using resource loader [org.springframework.boot.web.servlet.context.AnnotationConfigServletWebServerApplicationContext@7061cd53: startup date [Tue Jan 15 16:25:14 CST 2019]; parent: org.springframework.context.annotation.AnnotationConfigApplicationContext@385df7d] and template loader path [classpath:/templates/]
2019-01-15 16:25:25.141 logback [restartedMain] INFO  o.s.w.s.v.f.FreeMarkerConfigurer - ClassTemplateLoader for Spring macros added to FreeMarker configuration
2019-01-15 16:25:25.331 logback [restartedMain] INFO  o.s.b.d.a.OptionalLiveReloadServer - LiveReload server is running on port 35729
2019-01-15 16:25:25.575 logback [restartedMain] INFO  o.s.b.a.e.web.EndpointLinksResolver - Exposing 2 endpoint(s) beneath base path '/actuator'
2019-01-15 16:25:25.593 logback [restartedMain] INFO  o.s.b.a.e.w.s.WebMvcEndpointHandlerMapping - Mapped "{[/actuator/health],methods=[GET],produces=[application/vnd.spring-boot.actuator.v2+json || application/json]}" onto public java.lang.Object org.springframework.boot.actuate.endpoint.web.servlet.AbstractWebMvcEndpointHandlerMapping$OperationHandler.handle(javax.servlet.http.HttpServletRequest,java.util.Map<java.lang.String, java.lang.String>)
2019-01-15 16:25:25.594 logback [restartedMain] INFO  o.s.b.a.e.w.s.WebMvcEndpointHandlerMapping - Mapped "{[/actuator/info],methods=[GET],produces=[application/vnd.spring-boot.actuator.v2+json || application/json]}" onto public java.lang.Object org.springframework.boot.actuate.endpoint.web.servlet.AbstractWebMvcEndpointHandlerMapping$OperationHandler.handle(javax.servlet.http.HttpServletRequest,java.util.Map<java.lang.String, java.lang.String>)
2019-01-15 16:25:25.595 logback [restartedMain] INFO  o.s.b.a.e.w.s.WebMvcEndpointHandlerMapping - Mapped "{[/actuator],methods=[GET],produces=[application/vnd.spring-boot.actuator.v2+json || application/json]}" onto protected java.util.Map<java.lang.String, java.util.Map<java.lang.String, org.springframework.boot.actuate.endpoint.web.Link>> org.springframework.boot.actuate.endpoint.web.servlet.WebMvcEndpointHandlerMapping.links(javax.servlet.http.HttpServletRequest,javax.servlet.http.HttpServletResponse)
2019-01-15 16:25:25.672 logback [restartedMain] INFO  o.s.j.e.a.AnnotationMBeanExporter - Registering beans for JMX exposure on startup
2019-01-15 16:25:25.683 logback [restartedMain] INFO  o.s.j.e.a.AnnotationMBeanExporter - Bean with name 'environmentManager' has been autodetected for JMX exposure
2019-01-15 16:25:25.684 logback [restartedMain] INFO  o.s.j.e.a.AnnotationMBeanExporter - Bean with name 'refreshScope' has been autodetected for JMX exposure
2019-01-15 16:25:25.685 logback [restartedMain] INFO  o.s.j.e.a.AnnotationMBeanExporter - Bean with name 'configurationPropertiesRebinder' has been autodetected for JMX exposure
2019-01-15 16:25:25.689 logback [restartedMain] INFO  o.s.j.e.a.AnnotationMBeanExporter - Located managed bean 'environmentManager': registering with JMX server as MBean [org.springframework.cloud.context.environment:name=environmentManager,type=EnvironmentManager]
2019-01-15 16:25:25.699 logback [restartedMain] INFO  o.s.j.e.a.AnnotationMBeanExporter - Located managed bean 'refreshScope': registering with JMX server as MBean [org.springframework.cloud.context.scope.refresh:name=refreshScope,type=RefreshScope]
2019-01-15 16:25:25.714 logback [restartedMain] INFO  o.s.j.e.a.AnnotationMBeanExporter - Located managed bean 'configurationPropertiesRebinder': registering with JMX server as MBean [org.springframework.cloud.context.properties:name=configurationPropertiesRebinder,context=7061cd53,type=ConfigurationPropertiesRebinder]
2019-01-15 16:25:25.727 logback [restartedMain] INFO  o.s.c.s.DefaultLifecycleProcessor - Starting beans in phase 0
2019-01-15 16:25:25.743 logback [restartedMain] INFO  o.s.c.n.eureka.InstanceInfoFactory - Setting initial instance status as: STARTING
2019-01-15 16:25:25.792 logback [restartedMain] INFO  c.netflix.discovery.DiscoveryClient - Initializing Eureka in region us-east-1
2019-01-15 16:25:25.869 logback [restartedMain] INFO  c.n.d.p.DiscoveryJerseyProvider - Using JSON encoding codec LegacyJacksonJson
2019-01-15 16:25:25.869 logback [restartedMain] INFO  c.n.d.p.DiscoveryJerseyProvider - Using JSON decoding codec LegacyJacksonJson
2019-01-15 16:25:26.008 logback [restartedMain] INFO  c.n.d.p.DiscoveryJerseyProvider - Using XML encoding codec XStreamXml
2019-01-15 16:25:26.008 logback [restartedMain] INFO  c.n.d.p.DiscoveryJerseyProvider - Using XML decoding codec XStreamXml
2019-01-15 16:25:26.308 logback [restartedMain] INFO  c.n.d.s.r.aws.ConfigClusterResolver - Resolving eureka endpoints via configuration
2019-01-15 16:25:26.684 logback [restartedMain] INFO  c.netflix.discovery.DiscoveryClient - Disable delta property : false
2019-01-15 16:25:26.684 logback [restartedMain] INFO  c.netflix.discovery.DiscoveryClient - Single vip registry refresh property : null
2019-01-15 16:25:26.684 logback [restartedMain] INFO  c.netflix.discovery.DiscoveryClient - Force full registry fetch : false
2019-01-15 16:25:26.684 logback [restartedMain] INFO  c.netflix.discovery.DiscoveryClient - Application is null : false
2019-01-15 16:25:26.684 logback [restartedMain] INFO  c.netflix.discovery.DiscoveryClient - Registered Applications size is zero : true
2019-01-15 16:25:26.684 logback [restartedMain] INFO  c.netflix.discovery.DiscoveryClient - Application version is -1: true
2019-01-15 16:25:26.685 logback [restartedMain] INFO  c.netflix.discovery.DiscoveryClient - Getting all instance registry info from the eureka server
2019-01-15 16:25:27.067 logback [restartedMain] INFO  c.netflix.discovery.DiscoveryClient - The response status is 200
2019-01-15 16:25:27.070 logback [restartedMain] INFO  c.netflix.discovery.DiscoveryClient - Starting heartbeat executor: renew interval is: 30
2019-01-15 16:25:27.073 logback [restartedMain] INFO  c.n.discovery.InstanceInfoReplicator - InstanceInfoReplicator onDemand update allowed rate per min is 4
2019-01-15 16:25:27.077 logback [restartedMain] INFO  c.netflix.discovery.DiscoveryClient - Discovery Client initialized at timestamp 1547540727076 with initial instances count: 5
2019-01-15 16:25:27.084 logback [restartedMain] INFO  o.s.c.n.e.s.EurekaServiceRegistry - Registering application elasticsearch with eureka with status UP
2019-01-15 16:25:27.085 logback [restartedMain] INFO  c.netflix.discovery.DiscoveryClient - Saw local status change event StatusChangeEvent [timestamp=1547540727084, current=UP, previous=STARTING]
2019-01-15 16:25:27.086 logback [DiscoveryClient-InstanceInfoReplicator-0] INFO  c.netflix.discovery.DiscoveryClient - DiscoveryClient_ELASTICSEARCH/localhost:elasticsearch:18083: registering service...
2019-01-15 16:25:27.089 logback [restartedMain] INFO  o.s.c.s.DefaultLifecycleProcessor - Starting beans in phase 2147483547
2019-01-15 16:25:27.089 logback [restartedMain] INFO  o.s.c.s.DefaultLifecycleProcessor - Starting beans in phase 2147483647
2019-01-15 16:25:27.150 logback [DiscoveryClient-InstanceInfoReplicator-0] INFO  c.netflix.discovery.DiscoveryClient - DiscoveryClient_ELASTICSEARCH/localhost:elasticsearch:18083 - registration status: 204
2019-01-15 16:25:27.184 logback [container-1] INFO  io.lettuce.core.EpollProvider - Starting without optional epoll library
2019-01-15 16:25:27.186 logback [container-1] INFO  io.lettuce.core.KqueueProvider - Starting without optional kqueue library
2019-01-15 16:25:28.189 logback [restartedMain] INFO  o.s.b.w.e.tomcat.TomcatWebServer - Tomcat started on port(s): 18083 (http) with context path ''
2019-01-15 16:25:28.190 logback [restartedMain] INFO  o.s.c.n.e.s.EurekaAutoServiceRegistration - Updating port to 18083
2019-01-15 16:25:28.193 logback [restartedMain] INFO  site.cnkj.es.EsApplicationBoot - Started EsApplicationBoot in 18.921 seconds (JVM running for 21.749)
2019-01-15 16:25:29.029 logback [RMI TCP Connection(4)-127.0.0.1] INFO  o.a.c.c.C.[Tomcat].[localhost].[/] - Initializing Spring FrameworkServlet 'dispatcherServlet'
2019-01-15 16:25:29.029 logback [RMI TCP Connection(4)-127.0.0.1] INFO  o.s.web.servlet.DispatcherServlet - FrameworkServlet 'dispatcherServlet': initialization started
2019-01-15 16:25:29.057 logback [RMI TCP Connection(4)-127.0.0.1] INFO  o.s.web.servlet.DispatcherServlet - FrameworkServlet 'dispatcherServlet': initialization completed in 28 ms
2019-01-15 16:26:32.615 logback [Get_Data_From_ES2] INFO  o.a.k.c.producer.ProducerConfig - ProducerConfig values: 
	acks = all
	batch.size = 89590
	bootstrap.servers = [10.25.246.47:9091]
	buffer.memory = 3000000
	client.id = site.cnkj
	compression.type = gzip
	connections.max.idle.ms = 540000
	enable.idempotence = false
	interceptor.classes = []
	key.serializer = class org.apache.kafka.common.serialization.StringSerializer
	linger.ms = 0
	max.block.ms = 6000
	max.in.flight.requests.per.connection = 5
	max.request.size = 206407532
	metadata.max.age.ms = 300000
	metric.reporters = []
	metrics.num.samples = 2
	metrics.recording.level = INFO
	metrics.sample.window.ms = 30000
	partitioner.class = class org.apache.kafka.clients.producer.internals.DefaultPartitioner
	receive.buffer.bytes = 32768
	reconnect.backoff.max.ms = 1000
	reconnect.backoff.ms = 50
	request.timeout.ms = 30000
	retries = 0
	retry.backoff.ms = 100
	sasl.jaas.config = null
	sasl.kerberos.kinit.cmd = /usr/bin/kinit
	sasl.kerberos.min.time.before.relogin = 60000
	sasl.kerberos.service.name = null
	sasl.kerberos.ticket.renew.jitter = 0.05
	sasl.kerberos.ticket.renew.window.factor = 0.8
	sasl.mechanism = GSSAPI
	security.protocol = PLAINTEXT
	send.buffer.bytes = 131072
	ssl.cipher.suites = null
	ssl.enabled.protocols = [TLSv1.2, TLSv1.1, TLSv1]
	ssl.endpoint.identification.algorithm = null
	ssl.key.password = null
	ssl.keymanager.algorithm = SunX509
	ssl.keystore.location = null
	ssl.keystore.password = null
	ssl.keystore.type = JKS
	ssl.protocol = TLS
	ssl.provider = null
	ssl.secure.random.implementation = null
	ssl.trustmanager.algorithm = PKIX
	ssl.truststore.location = null
	ssl.truststore.password = null
	ssl.truststore.type = JKS
	transaction.timeout.ms = 60000
	transactional.id = null
	value.serializer = class org.apache.kafka.common.serialization.StringSerializer

2019-01-15 16:26:32.808 logback [Get_Data_From_ES2] INFO  o.a.kafka.common.utils.AppInfoParser - Kafka version : 1.1.1
2019-01-15 16:26:32.809 logback [Get_Data_From_ES2] INFO  o.a.kafka.common.utils.AppInfoParser - Kafka commitId : 98b6346a977495f6
2019-01-15 16:26:32.909 logback [http-nio-18083-exec-1] INFO  s.c.e.s.i.ElasticSearchServiceImpl - A total of [ 67558 ] data was retrieved, and the number of data processed [ 10000 ] 
2019-01-15 16:26:33.044 logback [kafka-producer-network-thread | site.cnkj] INFO  org.apache.kafka.clients.Metadata - Cluster ID: Vb-y9lu7RP2ZwsOk4LfUyg
2019-01-15 16:29:29.465 logback [restartedMain] INFO  site.cnkj.es.EsApplicationBoot - The following profiles are active: dev
2019-01-15 16:29:29.487 logback [restartedMain] INFO  o.s.b.w.s.c.AnnotationConfigServletWebServerApplicationContext - Refreshing org.springframework.boot.web.servlet.context.AnnotationConfigServletWebServerApplicationContext@50b6893: startup date [Tue Jan 15 16:29:29 CST 2019]; parent: org.springframework.context.annotation.AnnotationConfigApplicationContext@6e75b0bd
2019-01-15 16:29:31.179 logback [restartedMain] INFO  o.s.d.r.c.RepositoryConfigurationDelegate - Multiple Spring Data modules found, entering strict repository configuration mode!
2019-01-15 16:29:31.211 logback [restartedMain] INFO  o.s.d.r.c.RepositoryConfigurationDelegate - Multiple Spring Data modules found, entering strict repository configuration mode!
2019-01-15 16:29:31.750 logback [restartedMain] INFO  o.s.cloud.context.scope.GenericScope - BeanFactory id=7e528926-97b6-39d4-85c3-6414ea96e531
2019-01-15 16:29:31.766 logback [restartedMain] INFO  o.s.b.f.a.AutowiredAnnotationBeanPostProcessor - JSR-330 'javax.inject.Inject' annotation found and supported for autowiring
2019-01-15 16:29:31.893 logback [restartedMain] INFO  o.s.c.s.PostProcessorRegistrationDelegate$BeanPostProcessorChecker - Bean 'org.springframework.kafka.annotation.KafkaBootstrapConfiguration' of type [org.springframework.kafka.annotation.KafkaBootstrapConfiguration$$EnhancerBySpringCGLIB$$6d062728] is not eligible for getting processed by all BeanPostProcessors (for example: not eligible for auto-proxying)
2019-01-15 16:29:31.996 logback [restartedMain] INFO  o.s.c.s.PostProcessorRegistrationDelegate$BeanPostProcessorChecker - Bean 'org.springframework.cloud.autoconfigure.ConfigurationPropertiesRebinderAutoConfiguration' of type [org.springframework.cloud.autoconfigure.ConfigurationPropertiesRebinderAutoConfiguration$$EnhancerBySpringCGLIB$$b56e18a2] is not eligible for getting processed by all BeanPostProcessors (for example: not eligible for auto-proxying)
2019-01-15 16:29:32.854 logback [restartedMain] INFO  o.s.b.w.e.tomcat.TomcatWebServer - Tomcat initialized with port(s): 18083 (http)
2019-01-15 16:29:32.883 logback [restartedMain] INFO  o.a.catalina.core.StandardService - Starting service [Tomcat]
2019-01-15 16:29:32.883 logback [restartedMain] INFO  o.a.catalina.core.StandardEngine - Starting Servlet Engine: Apache Tomcat/8.5.34
2019-01-15 16:29:32.890 logback [localhost-startStop-1] INFO  o.a.c.core.AprLifecycleListener - The APR based Apache Tomcat Native library which allows optimal performance in production environments was not found on the java.library.path: [C:\Program Files\Java\jdk1.8.0_171\bin;C:\WINDOWS\Sun\Java\bin;C:\WINDOWS\system32;C:\WINDOWS;D:\Python3.7\Scripts\;D:\Python3.7\;D:\Python2.7\;D:\Python2.7\Scripts;C:\Program Files (x86)\Common Files\Oracle\Java\javapath;C:\WINDOWS\system32;C:\WINDOWS;C:\WINDOWS\System32\Wbem;C:\WINDOWS\System32\WindowsPowerShell\v1.0\;.%JAVA_HOME%\lib;%JAVA_HOME%\lib\tools.ja;D:\Lua\5.1;D:\Lua\5.1\clibs;C:\WINDOWS\System32\OpenSSH\;D:\nodejs\;D:\Yarn\bin\;D:\SVN\bin;D:\git\cmd;C:\Users\Carol\AppData\Local\GitHubDesktop\bin;D:\Fiddle\Fiddler;D:\Python2.7\Lib\site-packages\django;D:\Python2.7\Scripts;C:\Users\Carol\AppData\Local\Microsoft\WindowsApps;C:\Users\Carol\AppData\Roaming\npm;"D:\JDK1.7\bin;D:\JDK1.7\jre\bin";D:\apache-maven-3.5.4\bin;C:\Users\Carol\AppData\Local\Yarn\bin;.]
2019-01-15 16:29:33.179 logback [localhost-startStop-1] INFO  o.a.c.c.C.[Tomcat].[localhost].[/] - Initializing Spring embedded WebApplicationContext
2019-01-15 16:29:33.179 logback [localhost-startStop-1] INFO  o.s.web.context.ContextLoader - Root WebApplicationContext: initialization completed in 3692 ms
2019-01-15 16:29:33.456 logback [localhost-startStop-1] WARN  c.n.c.sources.URLConfigurationSource - No URLs will be polled as dynamic configuration sources.
2019-01-15 16:29:33.456 logback [localhost-startStop-1] INFO  c.n.c.sources.URLConfigurationSource - To enable URLs as dynamic configuration sources, define System property archaius.configurationSource.additionalUrls or make config.properties available on classpath.
2019-01-15 16:29:33.468 logback [localhost-startStop-1] INFO  c.n.config.DynamicPropertyFactory - DynamicPropertyFactory is initialized with configuration sources: com.netflix.config.ConcurrentCompositeConfiguration@5b7482f0
2019-01-15 16:29:35.767 logback [localhost-startStop-1] INFO  o.s.cloud.commons.util.InetUtils - Cannot determine local hostname
2019-01-15 16:29:37.724 logback [localhost-startStop-1] INFO  o.s.cloud.commons.util.InetUtils - Cannot determine local hostname
2019-01-15 16:29:38.830 logback [localhost-startStop-1] INFO  o.s.b.w.s.FilterRegistrationBean - Mapping filter: 'characterEncodingFilter' to: [/*]
2019-01-15 16:29:38.830 logback [localhost-startStop-1] INFO  o.s.b.w.s.FilterRegistrationBean - Mapping filter: 'webMvcMetricsFilter' to: [/*]
2019-01-15 16:29:38.830 logback [localhost-startStop-1] INFO  o.s.b.w.s.FilterRegistrationBean - Mapping filter: 'hiddenHttpMethodFilter' to: [/*]
2019-01-15 16:29:38.830 logback [localhost-startStop-1] INFO  o.s.b.w.s.FilterRegistrationBean - Mapping filter: 'httpPutFormContentFilter' to: [/*]
2019-01-15 16:29:38.831 logback [localhost-startStop-1] INFO  o.s.b.w.s.FilterRegistrationBean - Mapping filter: 'requestContextFilter' to: [/*]
2019-01-15 16:29:38.831 logback [localhost-startStop-1] INFO  o.s.b.w.s.FilterRegistrationBean - Mapping filter: 'httpTraceFilter' to: [/*]
2019-01-15 16:29:38.831 logback [localhost-startStop-1] INFO  o.s.b.w.s.ServletRegistrationBean - Servlet dispatcherServlet mapped to [/]
2019-01-15 16:29:39.875 logback [restartedMain] INFO  o.s.s.c.ThreadPoolTaskExecutor - Initializing ExecutorService  'taskExecutor'
2019-01-15 16:29:39.877 logback [restartedMain] INFO  o.s.s.c.ThreadPoolTaskExecutor - Initializing ExecutorService  'taskExecutorElastic'
2019-01-15 16:29:40.015 logback [restartedMain] WARN  c.n.c.sources.URLConfigurationSource - No URLs will be polled as dynamic configuration sources.
2019-01-15 16:29:40.015 logback [restartedMain] INFO  c.n.c.sources.URLConfigurationSource - To enable URLs as dynamic configuration sources, define System property archaius.configurationSource.additionalUrls or make config.properties available on classpath.
2019-01-15 16:29:40.142 logback [restartedMain] INFO  o.s.w.s.h.SimpleUrlHandlerMapping - Mapped URL path [/**/favicon.ico] onto handler of type [class org.springframework.web.servlet.resource.ResourceHttpRequestHandler]
2019-01-15 16:29:40.540 logback [restartedMain] INFO  o.s.w.s.m.m.a.RequestMappingHandlerAdapter - Looking for @ControllerAdvice: org.springframework.boot.web.servlet.context.AnnotationConfigServletWebServerApplicationContext@50b6893: startup date [Tue Jan 15 16:29:29 CST 2019]; parent: org.springframework.context.annotation.AnnotationConfigApplicationContext@6e75b0bd
2019-01-15 16:29:40.658 logback [restartedMain] INFO  o.s.w.s.m.m.a.RequestMappingHandlerMapping - Mapped "{[/channel],methods=[POST]}" onto public void site.cnkj.es.controller.ElasticSearchController.releaseMessage(java.lang.String)
2019-01-15 16:29:40.659 logback [restartedMain] INFO  o.s.w.s.m.m.a.RequestMappingHandlerMapping - Mapped "{[/start],methods=[POST]}" onto public site.cnkj.util.domain.BaseResult site.cnkj.es.controller.ElasticSearchController.startQuery(java.lang.String,java.lang.String)
2019-01-15 16:29:40.661 logback [restartedMain] INFO  o.s.w.s.m.m.a.RequestMappingHandlerMapping - Mapped "{[/error]}" onto public org.springframework.http.ResponseEntity<java.util.Map<java.lang.String, java.lang.Object>> org.springframework.boot.autoconfigure.web.servlet.error.BasicErrorController.error(javax.servlet.http.HttpServletRequest)
2019-01-15 16:29:40.662 logback [restartedMain] INFO  o.s.w.s.m.m.a.RequestMappingHandlerMapping - Mapped "{[/error],produces=[text/html]}" onto public org.springframework.web.servlet.ModelAndView org.springframework.boot.autoconfigure.web.servlet.error.BasicErrorController.errorHtml(javax.servlet.http.HttpServletRequest,javax.servlet.http.HttpServletResponse)
2019-01-15 16:29:40.715 logback [restartedMain] INFO  o.s.w.s.h.SimpleUrlHandlerMapping - Mapped URL path [/webjars/**] onto handler of type [class org.springframework.web.servlet.resource.ResourceHttpRequestHandler]
2019-01-15 16:29:40.715 logback [restartedMain] INFO  o.s.w.s.h.SimpleUrlHandlerMapping - Mapped URL path [/**] onto handler of type [class org.springframework.web.servlet.resource.ResourceHttpRequestHandler]
2019-01-15 16:29:41.619 logback [restartedMain] INFO  o.s.u.f.SpringTemplateLoader - SpringTemplateLoader for FreeMarker: using resource loader [org.springframework.boot.web.servlet.context.AnnotationConfigServletWebServerApplicationContext@50b6893: startup date [Tue Jan 15 16:29:29 CST 2019]; parent: org.springframework.context.annotation.AnnotationConfigApplicationContext@6e75b0bd] and template loader path [classpath:/templates/]
2019-01-15 16:29:41.620 logback [restartedMain] INFO  o.s.w.s.v.f.FreeMarkerConfigurer - ClassTemplateLoader for Spring macros added to FreeMarker configuration
2019-01-15 16:29:41.856 logback [restartedMain] INFO  o.s.b.d.a.OptionalLiveReloadServer - LiveReload server is running on port 35729
2019-01-15 16:29:42.121 logback [restartedMain] INFO  o.s.b.a.e.web.EndpointLinksResolver - Exposing 2 endpoint(s) beneath base path '/actuator'
2019-01-15 16:29:42.141 logback [restartedMain] INFO  o.s.b.a.e.w.s.WebMvcEndpointHandlerMapping - Mapped "{[/actuator/health],methods=[GET],produces=[application/vnd.spring-boot.actuator.v2+json || application/json]}" onto public java.lang.Object org.springframework.boot.actuate.endpoint.web.servlet.AbstractWebMvcEndpointHandlerMapping$OperationHandler.handle(javax.servlet.http.HttpServletRequest,java.util.Map<java.lang.String, java.lang.String>)
2019-01-15 16:29:42.143 logback [restartedMain] INFO  o.s.b.a.e.w.s.WebMvcEndpointHandlerMapping - Mapped "{[/actuator/info],methods=[GET],produces=[application/vnd.spring-boot.actuator.v2+json || application/json]}" onto public java.lang.Object org.springframework.boot.actuate.endpoint.web.servlet.AbstractWebMvcEndpointHandlerMapping$OperationHandler.handle(javax.servlet.http.HttpServletRequest,java.util.Map<java.lang.String, java.lang.String>)
2019-01-15 16:29:42.144 logback [restartedMain] INFO  o.s.b.a.e.w.s.WebMvcEndpointHandlerMapping - Mapped "{[/actuator],methods=[GET],produces=[application/vnd.spring-boot.actuator.v2+json || application/json]}" onto protected java.util.Map<java.lang.String, java.util.Map<java.lang.String, org.springframework.boot.actuate.endpoint.web.Link>> org.springframework.boot.actuate.endpoint.web.servlet.WebMvcEndpointHandlerMapping.links(javax.servlet.http.HttpServletRequest,javax.servlet.http.HttpServletResponse)
2019-01-15 16:29:42.223 logback [restartedMain] INFO  o.s.j.e.a.AnnotationMBeanExporter - Registering beans for JMX exposure on startup
2019-01-15 16:29:42.234 logback [restartedMain] INFO  o.s.j.e.a.AnnotationMBeanExporter - Bean with name 'environmentManager' has been autodetected for JMX exposure
2019-01-15 16:29:42.235 logback [restartedMain] INFO  o.s.j.e.a.AnnotationMBeanExporter - Bean with name 'refreshScope' has been autodetected for JMX exposure
2019-01-15 16:29:42.237 logback [restartedMain] INFO  o.s.j.e.a.AnnotationMBeanExporter - Bean with name 'configurationPropertiesRebinder' has been autodetected for JMX exposure
2019-01-15 16:29:42.240 logback [restartedMain] INFO  o.s.j.e.a.AnnotationMBeanExporter - Located managed bean 'environmentManager': registering with JMX server as MBean [org.springframework.cloud.context.environment:name=environmentManager,type=EnvironmentManager]
2019-01-15 16:29:42.249 logback [restartedMain] INFO  o.s.j.e.a.AnnotationMBeanExporter - Located managed bean 'refreshScope': registering with JMX server as MBean [org.springframework.cloud.context.scope.refresh:name=refreshScope,type=RefreshScope]
2019-01-15 16:29:42.266 logback [restartedMain] INFO  o.s.j.e.a.AnnotationMBeanExporter - Located managed bean 'configurationPropertiesRebinder': registering with JMX server as MBean [org.springframework.cloud.context.properties:name=configurationPropertiesRebinder,context=50b6893,type=ConfigurationPropertiesRebinder]
2019-01-15 16:29:42.284 logback [restartedMain] INFO  o.s.c.s.DefaultLifecycleProcessor - Starting beans in phase 0
2019-01-15 16:29:42.303 logback [restartedMain] INFO  o.s.c.n.eureka.InstanceInfoFactory - Setting initial instance status as: STARTING
2019-01-15 16:29:42.364 logback [restartedMain] INFO  c.netflix.discovery.DiscoveryClient - Initializing Eureka in region us-east-1
2019-01-15 16:29:42.461 logback [restartedMain] INFO  c.n.d.p.DiscoveryJerseyProvider - Using JSON encoding codec LegacyJacksonJson
2019-01-15 16:29:42.461 logback [restartedMain] INFO  c.n.d.p.DiscoveryJerseyProvider - Using JSON decoding codec LegacyJacksonJson
2019-01-15 16:29:42.641 logback [restartedMain] INFO  c.n.d.p.DiscoveryJerseyProvider - Using XML encoding codec XStreamXml
2019-01-15 16:29:42.641 logback [restartedMain] INFO  c.n.d.p.DiscoveryJerseyProvider - Using XML decoding codec XStreamXml
2019-01-15 16:29:43.030 logback [restartedMain] INFO  c.n.d.s.r.aws.ConfigClusterResolver - Resolving eureka endpoints via configuration
2019-01-15 16:29:43.425 logback [restartedMain] INFO  c.netflix.discovery.DiscoveryClient - Disable delta property : false
2019-01-15 16:29:43.426 logback [restartedMain] INFO  c.netflix.discovery.DiscoveryClient - Single vip registry refresh property : null
2019-01-15 16:29:43.426 logback [restartedMain] INFO  c.netflix.discovery.DiscoveryClient - Force full registry fetch : false
2019-01-15 16:29:43.426 logback [restartedMain] INFO  c.netflix.discovery.DiscoveryClient - Application is null : false
2019-01-15 16:29:43.426 logback [restartedMain] INFO  c.netflix.discovery.DiscoveryClient - Registered Applications size is zero : true
2019-01-15 16:29:43.426 logback [restartedMain] INFO  c.netflix.discovery.DiscoveryClient - Application version is -1: true
2019-01-15 16:29:43.426 logback [restartedMain] INFO  c.netflix.discovery.DiscoveryClient - Getting all instance registry info from the eureka server
2019-01-15 16:29:43.939 logback [restartedMain] INFO  c.netflix.discovery.DiscoveryClient - The response status is 200
2019-01-15 16:29:43.944 logback [restartedMain] INFO  c.netflix.discovery.DiscoveryClient - Starting heartbeat executor: renew interval is: 30
2019-01-15 16:29:43.947 logback [restartedMain] INFO  c.n.discovery.InstanceInfoReplicator - InstanceInfoReplicator onDemand update allowed rate per min is 4
2019-01-15 16:29:43.951 logback [restartedMain] INFO  c.netflix.discovery.DiscoveryClient - Discovery Client initialized at timestamp 1547540983950 with initial instances count: 6
2019-01-15 16:29:43.958 logback [restartedMain] INFO  o.s.c.n.e.s.EurekaServiceRegistry - Registering application elasticsearch with eureka with status UP
2019-01-15 16:29:43.958 logback [restartedMain] INFO  c.netflix.discovery.DiscoveryClient - Saw local status change event StatusChangeEvent [timestamp=1547540983958, current=UP, previous=STARTING]
2019-01-15 16:29:43.962 logback [restartedMain] INFO  o.s.c.s.DefaultLifecycleProcessor - Starting beans in phase 2147483547
2019-01-15 16:29:43.962 logback [restartedMain] INFO  o.s.c.s.DefaultLifecycleProcessor - Starting beans in phase 2147483647
2019-01-15 16:29:43.965 logback [DiscoveryClient-InstanceInfoReplicator-0] INFO  c.netflix.discovery.DiscoveryClient - DiscoveryClient_ELASTICSEARCH/localhost:elasticsearch:18083: registering service...
2019-01-15 16:29:44.031 logback [DiscoveryClient-InstanceInfoReplicator-0] INFO  c.netflix.discovery.DiscoveryClient - DiscoveryClient_ELASTICSEARCH/localhost:elasticsearch:18083 - registration status: 204
2019-01-15 16:29:44.073 logback [container-1] INFO  io.lettuce.core.EpollProvider - Starting without optional epoll library
2019-01-15 16:29:44.077 logback [container-1] INFO  io.lettuce.core.KqueueProvider - Starting without optional kqueue library
2019-01-15 16:29:45.308 logback [restartedMain] INFO  o.s.b.w.e.tomcat.TomcatWebServer - Tomcat started on port(s): 18083 (http) with context path ''
2019-01-15 16:29:45.309 logback [restartedMain] INFO  o.s.c.n.e.s.EurekaAutoServiceRegistration - Updating port to 18083
2019-01-15 16:29:45.313 logback [restartedMain] INFO  site.cnkj.es.EsApplicationBoot - Started EsApplicationBoot in 21.037 seconds (JVM running for 25.216)
2019-01-15 16:29:45.926 logback [RMI TCP Connection(8)-127.0.0.1] INFO  o.a.c.c.C.[Tomcat].[localhost].[/] - Initializing Spring FrameworkServlet 'dispatcherServlet'
2019-01-15 16:29:45.929 logback [RMI TCP Connection(8)-127.0.0.1] INFO  o.s.web.servlet.DispatcherServlet - FrameworkServlet 'dispatcherServlet': initialization started
2019-01-15 16:29:45.961 logback [RMI TCP Connection(8)-127.0.0.1] INFO  o.s.web.servlet.DispatcherServlet - FrameworkServlet 'dispatcherServlet': initialization completed in 32 ms
2019-01-15 16:29:56.948 logback [Get_Data_From_ES8] INFO  o.a.k.c.producer.ProducerConfig - ProducerConfig values: 
	acks = all
	batch.size = 89590
	bootstrap.servers = [10.25.246.47:9091]
	buffer.memory = 3000000
	client.id = site.cnkj
	compression.type = gzip
	connections.max.idle.ms = 540000
	enable.idempotence = false
	interceptor.classes = []
	key.serializer = class org.apache.kafka.common.serialization.StringSerializer
	linger.ms = 0
	max.block.ms = 6000
	max.in.flight.requests.per.connection = 5
	max.request.size = 206407532
	metadata.max.age.ms = 300000
	metric.reporters = []
	metrics.num.samples = 2
	metrics.recording.level = INFO
	metrics.sample.window.ms = 30000
	partitioner.class = class org.apache.kafka.clients.producer.internals.DefaultPartitioner
	receive.buffer.bytes = 32768
	reconnect.backoff.max.ms = 1000
	reconnect.backoff.ms = 50
	request.timeout.ms = 30000
	retries = 0
	retry.backoff.ms = 100
	sasl.jaas.config = null
	sasl.kerberos.kinit.cmd = /usr/bin/kinit
	sasl.kerberos.min.time.before.relogin = 60000
	sasl.kerberos.service.name = null
	sasl.kerberos.ticket.renew.jitter = 0.05
	sasl.kerberos.ticket.renew.window.factor = 0.8
	sasl.mechanism = GSSAPI
	security.protocol = PLAINTEXT
	send.buffer.bytes = 131072
	ssl.cipher.suites = null
	ssl.enabled.protocols = [TLSv1.2, TLSv1.1, TLSv1]
	ssl.endpoint.identification.algorithm = null
	ssl.key.password = null
	ssl.keymanager.algorithm = SunX509
	ssl.keystore.location = null
	ssl.keystore.password = null
	ssl.keystore.type = JKS
	ssl.protocol = TLS
	ssl.provider = null
	ssl.secure.random.implementation = null
	ssl.trustmanager.algorithm = PKIX
	ssl.truststore.location = null
	ssl.truststore.password = null
	ssl.truststore.type = JKS
	transaction.timeout.ms = 60000
	transactional.id = null
	value.serializer = class org.apache.kafka.common.serialization.StringSerializer

2019-01-15 16:29:57.276 logback [Get_Data_From_ES8] INFO  o.a.kafka.common.utils.AppInfoParser - Kafka version : 1.1.1
2019-01-15 16:29:57.276 logback [Get_Data_From_ES8] INFO  o.a.kafka.common.utils.AppInfoParser - Kafka commitId : 98b6346a977495f6
2019-01-15 16:29:57.332 logback [http-nio-18083-exec-1] INFO  s.c.e.s.i.ElasticSearchServiceImpl - A total of [ 67558 ] data was retrieved, and the number of data processed [ 10000 ] 
2019-01-15 16:29:57.518 logback [kafka-producer-network-thread | site.cnkj] INFO  org.apache.kafka.clients.Metadata - Cluster ID: Vb-y9lu7RP2ZwsOk4LfUyg
2019-01-15 16:29:59.800 logback [container-2] INFO  s.c.e.s.i.ElasticSearchServiceImpl - A total of [ 67558 ] data was retrieved, and the number of data processed [ 10000 ] 
2019-01-15 16:30:03.700 logback [container-2] INFO  s.c.e.s.i.ElasticSearchServiceImpl - A total of [ 67558 ] data was retrieved, and the number of data processed [ 20000 ] 
2019-01-15 16:30:06.469 logback [container-2] INFO  s.c.e.s.i.ElasticSearchServiceImpl - A total of [ 67558 ] data was retrieved, and the number of data processed [ 30000 ] 
2019-01-15 16:30:08.905 logback [container-2] INFO  s.c.e.s.i.ElasticSearchServiceImpl - A total of [ 67558 ] data was retrieved, and the number of data processed [ 40000 ] 
2019-01-15 16:30:12.731 logback [container-2] INFO  s.c.e.s.i.ElasticSearchServiceImpl - A total of [ 67558 ] data was retrieved, and the number of data processed [ 50000 ] 
2019-01-15 16:30:15.187 logback [container-2] INFO  s.c.e.s.i.ElasticSearchServiceImpl - A total of [ 67558 ] data was retrieved, and the number of data processed [ 57558 ] 
2019-01-15 16:30:15.202 logback [container-2] INFO  s.c.e.s.i.ElasticSearchServiceImpl - A total of [ 67558 ] data was retrieved, and the number of data processed [ 57558 ] 
